0 info it worked if it ends with ok
1 verbose cli [ 'node',
1 verbose cli   'C:\\Users\\ArunNair\\AppData\\Roaming\\npm\\node_modules\\npm\\bin\\npm-cli.js',
1 verbose cli   'install',
1 verbose cli   '-g',
1 verbose cli   'node-inspector' ]
2 info using npm@2.0.0
3 info using node@v0.10.32
4 verbose cache add [ 'node-inspector', null ]
5 verbose cache add spec="node-inspector" args=["node-inspector",null]
6 verbose parsed spec { raw: 'node-inspector',
6 verbose parsed spec   scope: null,
6 verbose parsed spec   name: 'node-inspector',
6 verbose parsed spec   rawSpec: '',
6 verbose parsed spec   spec: '*',
6 verbose parsed spec   type: 'range' }
7 verbose parsed spec { raw: 'node-inspector',
7 verbose parsed spec   scope: null,
7 verbose parsed spec   name: 'node-inspector',
7 verbose parsed spec   rawSpec: '',
7 verbose parsed spec   spec: '*',
7 verbose parsed spec   type: 'range' }
8 verbose addNamed [ 'node-inspector', '*' ]
9 verbose addNamed [ null, '*' ]
10 silly lockFile 3c4e33e9-node-inspector node-inspector@*
11 verbose lock node-inspector@* C:\Users\ArunNair\AppData\Roaming\npm-cache\3c4e33e9-node-inspector.lock
12 silly addNameRange { name: 'node-inspector', range: '*', hasData: false }
13 verbose mapToRegistry name node-inspector
14 verbose mapToRegistry uri https://registry.npmjs.org/node-inspector
15 verbose request on initialization, where is /node-inspector
16 verbose request after pass 1, where is /node-inspector
17 verbose request url raw /node-inspector
18 verbose request resolving registry [ 'https://registry.npmjs.org/', './node-inspector' ]
19 verbose request after pass 2, where is https://registry.npmjs.org/node-inspector
20 verbose request no auth needed
21 info attempt registry request try #1 at 14:40:05
22 verbose request id 2bd9de5b907c9c8f
23 verbose etag "APOUTC54A4HEWWHHONH1HVBWZ"
24 http request GET https://registry.npmjs.org/node-inspector
25 http 304 https://registry.npmjs.org/node-inspector
26 silly registry.get cb [ 304,
26 silly registry.get   { date: 'Wed, 19 Nov 2014 19:40:13 GMT',
26 silly registry.get     server: 'Apache',
26 silly registry.get     via: '1.1 varnish',
26 silly registry.get     'last-modified': 'Wed, 19 Nov 2014 19:40:13 GMT',
26 silly registry.get     'cache-control': 'max-age=60',
26 silly registry.get     etag: '"APOUTC54A4HEWWHHONH1HVBWZ"',
26 silly registry.get     age: '0',
26 silly registry.get     'x-served-by': 'cache-atl6225-ATL',
26 silly registry.get     'x-cache': 'HIT',
26 silly registry.get     'x-cache-hits': '1',
26 silly registry.get     'x-timer': 'S1416426013.337026,VS0,VE23',
26 silly registry.get     vary: 'Accept',
26 silly registry.get     'content-length': '0',
26 silly registry.get     'keep-alive': 'timeout=10, max=50',
26 silly registry.get     connection: 'Keep-Alive' } ]
27 verbose etag https://registry.npmjs.org/node-inspector from cache
28 silly addNameRange number 2 { name: 'node-inspector', range: '*', hasData: true }
29 silly addNameRange versions [ 'node-inspector',
29 silly addNameRange   [ '0.0.1',
29 silly addNameRange     '0.0.2',
29 silly addNameRange     '0.0.3',
29 silly addNameRange     '0.0.4',
29 silly addNameRange     '0.1.0',
29 silly addNameRange     '0.1.1',
29 silly addNameRange     '0.1.2',
29 silly addNameRange     '0.1.3',
29 silly addNameRange     '0.1.4',
29 silly addNameRange     '0.1.5',
29 silly addNameRange     '0.1.6',
29 silly addNameRange     '0.1.7',
29 silly addNameRange     '0.1.8',
29 silly addNameRange     '0.1.9',
29 silly addNameRange     '0.1.10',
29 silly addNameRange     '0.3.0',
29 silly addNameRange     '0.3.1',
29 silly addNameRange     '0.3.2',
29 silly addNameRange     '0.3.3',
29 silly addNameRange     '0.3.4',
29 silly addNameRange     '0.4.0',
29 silly addNameRange     '0.5.0',
29 silly addNameRange     '0.6.0',
29 silly addNameRange     '0.6.1',
29 silly addNameRange     '0.6.2',
29 silly addNameRange     '0.7.0-1',
29 silly addNameRange     '0.2.0-beta1',
29 silly addNameRange     '0.2.0-beta2',
29 silly addNameRange     '0.2.0-beta3',
29 silly addNameRange     '0.2.0-beta4',
29 silly addNameRange     '0.3.0-preview1',
29 silly addNameRange     '0.7.0-2',
29 silly addNameRange     '0.7.0',
29 silly addNameRange     '0.7.1',
29 silly addNameRange     '0.7.2',
29 silly addNameRange     '0.7.3',
29 silly addNameRange     '0.7.4' ] ]
30 verbose addNamed [ 'node-inspector', '0.7.4' ]
31 verbose addNamed [ '0.7.4', '0.7.4' ]
32 silly lockFile aae362fc-node-inspector-0-7-4 node-inspector@0.7.4
33 verbose lock node-inspector@0.7.4 C:\Users\ArunNair\AppData\Roaming\npm-cache\aae362fc-node-inspector-0-7-4.lock
34 silly lockFile aae362fc-node-inspector-0-7-4 node-inspector@0.7.4
35 silly lockFile aae362fc-node-inspector-0-7-4 node-inspector@0.7.4
36 silly lockFile 3c4e33e9-node-inspector node-inspector@*
37 silly lockFile 3c4e33e9-node-inspector node-inspector@*
38 silly resolved [ { name: 'node-inspector',
38 silly resolved     version: '0.7.4',
38 silly resolved     description: 'Web Inspector based nodeJS debugger',
38 silly resolved     homepage: 'http://github.com/node-inspector/node-inspector',
38 silly resolved     author: { name: 'Danny Coates', email: 'dannycoates@gmail.com' },
38 silly resolved     keywords: [ 'debug', 'debugger', 'inspector', 'profiler' ],
38 silly resolved     repository:
38 silly resolved      { type: 'git',
38 silly resolved        url: 'http://github.com/node-inspector/node-inspector.git' },
38 silly resolved     engines: { node: '>=0.8.0' },
38 silly resolved     bin:
38 silly resolved      { 'node-inspector': './bin/inspector.js',
38 silly resolved        'node-debug': './bin/node-debug.js' },
38 silly resolved     dependencies:
38 silly resolved      { express: '~4.0',
38 silly resolved        async: '~0.8',
38 silly resolved        glob: '~3.2.1',
38 silly resolved        rc: '~0.3.0',
38 silly resolved        'strong-data-uri': '~0.1.0',
38 silly resolved        debug: '~0.8',
38 silly resolved        ws: '~0.4.31',
38 silly resolved        opener: '~1.3.0',
38 silly resolved        yargs: '~1.2.1',
38 silly resolved        which: '~1.0.5' },
38 silly resolved     devDependencies:
38 silly resolved      { mocha: 'latest',
38 silly resolved        chai: 'latest',
38 silly resolved        jshint: '^2.4.4',
38 silly resolved        'fs-extra': '~0.8.1' },
38 silly resolved     preferGlobal: true,
38 silly resolved     scripts: { pretest: 'jshint .', test: 'mocha' },
38 silly resolved     contributors:
38 silly resolved      [ [Object],
38 silly resolved        [Object],
38 silly resolved        [Object],
38 silly resolved        [Object],
38 silly resolved        [Object],
38 silly resolved        [Object],
38 silly resolved        [Object],
38 silly resolved        [Object],
38 silly resolved        [Object],
38 silly resolved        [Object],
38 silly resolved        [Object],
38 silly resolved        [Object],
38 silly resolved        [Object],
38 silly resolved        [Object],
38 silly resolved        [Object],
38 silly resolved        [Object],
38 silly resolved        [Object],
38 silly resolved        [Object],
38 silly resolved        [Object],
38 silly resolved        [Object],
38 silly resolved        [Object],
38 silly resolved        [Object],
38 silly resolved        [Object],
38 silly resolved        [Object],
38 silly resolved        [Object],
38 silly resolved        [Object],
38 silly resolved        [Object],
38 silly resolved        [Object],
38 silly resolved        [Object],
38 silly resolved        [Object],
38 silly resolved        [Object] ],
38 silly resolved     bugs: { url: 'https://github.com/node-inspector/node-inspector/issues' },
38 silly resolved     _id: 'node-inspector@0.7.4',
38 silly resolved     dist:
38 silly resolved      { shasum: '3d07234f0834e7f1e21a1669eceaa224a7be43f2',
38 silly resolved        tarball: 'http://registry.npmjs.org/node-inspector/-/node-inspector-0.7.4.tgz' },
38 silly resolved     _from: 'node-inspector@*',
38 silly resolved     _npmVersion: '1.4.3',
38 silly resolved     _npmUser: { name: 'bajtos', email: 'miro.bajtos@gmail.com' },
38 silly resolved     maintainers: [ [Object], [Object], [Object], [Object] ],
38 silly resolved     directories: {},
38 silly resolved     _shasum: '3d07234f0834e7f1e21a1669eceaa224a7be43f2',
38 silly resolved     _resolved: 'https://registry.npmjs.org/node-inspector/-/node-inspector-0.7.4.tgz',
38 silly resolved     readme: 'ERROR: No README data found!' } ]
39 info install node-inspector@0.7.4 into C:\Program Files\nodejs
40 info installOne node-inspector@0.7.4
41 verbose node_modules\node-inspector unbuild
42 verbose gentlyRm vacuuming C:\Program Files\nodejs\node_modules\node-inspector
43 verbose tar unpack C:\Users\ArunNair\AppData\Roaming\npm-cache\node-inspector\0.7.4\package.tgz
44 silly lockFile 70bca6f7-dejs-node-modules-node-inspector tar://C:\Program Files\nodejs\node_modules\node-inspector
45 verbose lock tar://C:\Program Files\nodejs\node_modules\node-inspector C:\Users\ArunNair\AppData\Roaming\npm-cache\70bca6f7-dejs-node-modules-node-inspector.lock
46 silly lockFile 43887fe1-node-inspector-0-7-4-package-tgz tar://C:\Users\ArunNair\AppData\Roaming\npm-cache\node-inspector\0.7.4\package.tgz
47 verbose lock tar://C:\Users\ArunNair\AppData\Roaming\npm-cache\node-inspector\0.7.4\package.tgz C:\Users\ArunNair\AppData\Roaming\npm-cache\43887fe1-node-inspector-0-7-4-package-tgz.lock
48 verbose gentlyRm vacuuming C:\Program Files\nodejs\node_modules\node-inspector
49 silly gunzTarPerm modes [ '777', '666' ]
50 verbose fstream_path C:\Program Files\nodejs\node_modules\node-inspector
51 verbose fstream_type Directory
52 verbose fstream_class DirWriter
53 verbose stack Error: EPERM, mkdir 'C:\Program Files\nodejs\node_modules\node-inspector'
54 verbose fstream_stack C:\Users\ArunNair\AppData\Roaming\npm\node_modules\npm\node_modules\fstream\lib\dir-writer.js:36:23
54 verbose fstream_stack C:\Users\ArunNair\AppData\Roaming\npm\node_modules\npm\node_modules\mkdirp\index.js:46:53
54 verbose fstream_stack Object.oncomplete (fs.js:107:15)
55 verbose cwd c:\node\babycare
56 error Windows_NT 6.1.7601
57 error argv "node" "C:\\Users\\ArunNair\\AppData\\Roaming\\npm\\node_modules\\npm\\bin\\npm-cli.js" "install" "-g" "node-inspector"
58 error node v0.10.32
59 error npm  v2.0.0
60 error path C:\Program Files\nodejs\node_modules\node-inspector
61 error code EPERM
62 error errno 50
63 error Error: EPERM, mkdir 'C:\Program Files\nodejs\node_modules\node-inspector'
63 error  { [Error: EPERM, mkdir 'C:\Program Files\nodejs\node_modules\node-inspector']
63 error   errno: 50,
63 error   code: 'EPERM',
63 error   path: 'C:\\Program Files\\nodejs\\node_modules\\node-inspector',
63 error   fstream_type: 'Directory',
63 error   fstream_path: 'C:\\Program Files\\nodejs\\node_modules\\node-inspector',
63 error   fstream_class: 'DirWriter',
63 error   fstream_stack:
63 error    [ 'C:\\Users\\ArunNair\\AppData\\Roaming\\npm\\node_modules\\npm\\node_modules\\fstream\\lib\\dir-writer.js:36:23',
63 error      'C:\\Users\\ArunNair\\AppData\\Roaming\\npm\\node_modules\\npm\\node_modules\\mkdirp\\index.js:46:53',
63 error      'Object.oncomplete (fs.js:107:15)' ] }
64 error Please try running this command again as root/Administrator.
65 verbose exit [ 50, true ]
